{
	'img_metas': [{
		'lidar2img': array([
				[9.0542639e+02, -2.7569443e+03, -2.1125427e+02, -2.4445776e+03],
				[4.2386047e+01, -2.0511316e+01, -2.5130195e+03, 1.5995000e+04],
				[9.8394674e-01, 3.7327642e-03, -1.4927679e-01, 6.2613446e-01],
				[0.0000000e+00, 0.0000000e+00, 0.0000000e+00, 1.0000000e+00]
			],
			dtype = float32),
		'flip': False,
		'pcd_horizontal_flip': False,
		'pcd_vertical_flip': False,
		'box_mode_3d': < Box3DMode.LIDAR: 0 > ,
		'box_type_3d': < class 'mmdet3d.core.bbox.structures.lidar_box3d.LiDARInstance3DBoxes' > ,
		'pcd_trans': array([0., 0., 0.]),
		'sample_idx': 8602,
		'pcd_scale_factor': 0.9742406173525743,
		'pcd_rotation': tensor([
			[0.9672, -0.2539, 0.0000],
			[0.2539, 0.9672, 0.0000],
			[0.0000, 0.0000, 1.0000]
		]),
		'pts_filename': './data/DAIR-V2X/cooperative-vehicle-infrastructure/infrastructure-side/training/velodyne_reduced/008602.bin',
		'transformation_3d_flow': ['R', 'S', 'T']
	}, {
		'lidar2img': array([
				[1.5562427e+03, -1.7565118e+03, -3.0729111e+02, 9.3616516e+01],
				[-2.9841919e+00, 2.0547301e+02, -2.0171212e+03, 1.3315082e+04],
				[9.3287611e-01, 3.1188697e-01, -1.4981295e-01, 9.4274539e-01],
				[0.0000000e+00, 0.0000000e+00, 0.0000000e+00, 1.0000000e+00]
			],
			dtype = float32),
		'flip': False,
		'pcd_horizontal_flip': False,
		'pcd_vertical_flip': False,
		'box_mode_3d': < Box3DMode.LIDAR: 0 > ,
		'box_type_3d': < class 'mmdet3d.core.bbox.structures.lidar_box3d.LiDARInstance3DBoxes' > ,
		'pcd_trans': array([0., 0., 0.]),
		'sample_idx': 2799,
		'pcd_scale_factor': 0.9702523736829165,
		'pcd_rotation': tensor([
			[0.8057, -0.5923, 0.0000],
			[0.5923, 0.8057, 0.0000],
			[0.0000, 0.0000, 1.0000]
		]),
		'pts_filename': './data/DAIR-V2X/cooperative-vehicle-infrastructure/infrastructure-side/training/velodyne_reduced/002799.bin',
		'transformation_3d_flow': ['R', 'S', 'T']
	}, {
		'lidar2img': array([
				[9.4198474e+02, -2.1848745e+03, -1.7737640e+02, -6.7026860e+03],
				[5.1668762e+01, -6.9215159e+00, -1.9747451e+03, 1.3349378e+04],
				[9.7551137e-01, -6.9062402e-03, -1.8287189e-01, 1.2006679e+00],
				[0.0000000e+00, 0.0000000e+00, 0.0000000e+00, 1.0000000e+00]
			],
			dtype = float32),
		'flip': True,
		'pcd_horizontal_flip': True,
		'pcd_vertical_flip': False,
		'box_mode_3d': < Box3DMode.LIDAR: 0 > ,
		'box_type_3d': < class 'mmdet3d.core.bbox.structures.lidar_box3d.LiDARInstance3DBoxes' > ,
		'pcd_trans': array([0., 0., 0.]),
		'sample_idx': 15875,
		'pcd_scale_factor': 1.0067814459886228,
		'pcd_rotation': tensor([
			[0.8245, -0.5659, 0.0000],
			[0.5659, 0.8245, 0.0000],
			[0.0000, 0.0000, 1.0000]
		]),
		'pts_filename': './data/DAIR-V2X/cooperative-vehicle-infrastructure/infrastructure-side/training/velodyne_reduced/015875.bin',
		'transformation_3d_flow': ['HF', 'R', 'S', 'T']
	}, {
		'lidar2img': array([
				[9.4251355e+02, -2.1851128e+03, -1.7328142e+02, -6.7447207e+03],
				[5.7715790e+01, -9.7718229e+00, -1.9746415e+03, 1.3166787e+04],
				[9.7606128e-01, -7.1593882e-03, -1.8082863e-01, 1.1705788e+00],
				[0.0000000e+00, 0.0000000e+00, 0.0000000e+00, 1.0000000e+00]
			],
			dtype = float32),
		'flip': True,
		'pcd_horizontal_flip': True,
		'pcd_vertical_flip': False,
		'box_mode_3d': < Box3DMode.LIDAR: 0 > ,
		'box_type_3d': < class 'mmdet3d.core.bbox.structures.lidar_box3d.LiDARInstance3DBoxes' > ,
		'pcd_trans': array([0., 0., 0.]),
		'sample_idx': 16397,
		'pcd_scale_factor': 0.9587697635851679,
		'pcd_rotation': tensor([
			[0.8998, -0.4363, 0.0000],
			[0.4363, 0.8998, 0.0000],
			[0.0000, 0.0000, 1.0000]
		]),
		'pts_filename': './data/DAIR-V2X/cooperative-vehicle-infrastructure/infrastructure-side/training/velodyne_reduced/016397.bin',
		'transformation_3d_flow': ['HF', 'R', 'S', 'T']
	}, {
		'lidar2img': array([
				[1.1610779e+03, -2.0792441e+03, -1.4527049e+02, -4.0163672e+03],
				[5.7349121e+01, -1.4961586e+01, -1.9406199e+03, 1.3672458e+04],
				[9.7303301e-01, 8.7890245e-02, -1.7505085e-01, 1.3769299e+00],
				[0.0000000e+00, 0.0000000e+00, 0.0000000e+00, 1.0000000e+00]
			],
			dtype = float32),
		'flip': True,
		'pcd_horizontal_flip': True,
		'pcd_vertical_flip': False,
		'box_mode_3d': < Box3DMode.LIDAR: 0 > ,
		'box_type_3d': < class 'mmdet3d.core.bbox.structures.lidar_box3d.LiDARInstance3DBoxes' > ,
		'pcd_trans': array([0., 0., 0.]),
		'sample_idx': 5672,
		'pcd_scale_factor': 1.0249617208965416,
		'pcd_rotation': tensor([
			[0.9191, -0.3941, 0.0000],
			[0.3941, 0.9191, 0.0000],
			[0.0000, 0.0000, 1.0000]
		]),
		'pts_filename': './data/DAIR-V2X/cooperative-vehicle-infrastructure/infrastructure-side/training/velodyne_reduced/005672.bin',
		'transformation_3d_flow': ['HF', 'R', 'S', 'T']
	}, {
		'lidar2img': array([
				[1.5562427e+03, -1.7565118e+03, -3.0729111e+02, 9.3616516e+01],
				[-2.9841919e+00, 2.0547301e+02, -2.0171212e+03, 1.3315082e+04],
				[9.3287611e-01, 3.1188697e-01, -1.4981295e-01, 9.4274539e-01],
				[0.0000000e+00, 0.0000000e+00, 0.0000000e+00, 1.0000000e+00]
			],
			dtype = float32),
		'flip': False,
		'pcd_horizontal_flip': False,
		'pcd_vertical_flip': False,
		'box_mode_3d': < Box3DMode.LIDAR: 0 > ,
		'box_type_3d': < class 'mmdet3d.core.bbox.structures.lidar_box3d.LiDARInstance3DBoxes' > ,
		'pcd_trans': array([0., 0., 0.]),
		'sample_idx': 2562,
		'pcd_scale_factor': 0.9839309334898783,
		'pcd_rotation': tensor([
			[0.7190, -0.6950, 0.0000],
			[0.6950, 0.7190, 0.0000],
			[0.0000, 0.0000, 1.0000]
		]),
		'pts_filename': './data/DAIR-V2X/cooperative-vehicle-infrastructure/infrastructure-side/training/velodyne_reduced/002562.bin',
		'transformation_3d_flow': ['R', 'S', 'T']
	}],
	'points': [tensor([
		[5.1572e+01, 7.3766e-01, -1.6126e+00, 1.3841e-04],
		[1.2990e+01, -5.2538e+00, -9.8697e-01, 1.6917e-03],
		[3.2872e+01, -3.7341e+00, -1.6155e+00, 7.3818e-04],
		..., [2.2165e+01, -2.8315e+00, -1.6068e+00, 1.3072e-03],
		[3.4764e+01, -2.4479e+01, -1.7165e+00, 9.5348e-04],
		[5.1445e+01, -4.8370e+00, -6.5455e-01, 2.7528e-03]
	], device = 'cuda:0'), tensor([
		[3.3552e+01, -4.3591e+00, -1.6937e+00, 4.6136e-04],
		[2.2446e+01, -3.8673e+00, -1.6038e+00, 3.8447e-04],
		[1.4027e+01, -1.1479e+01, -1.4919e+00, 5.6901e-04],
		..., [4.0327e+01, -1.2865e+00, -1.6683e+00, 1.0765e-03],
		[8.7164e+01, -1.2598e+01, -1.3930e+00, 5.2288e-04],
		[1.3950e+01, -7.9801e+00, -7.7461e-01, 5.8439e-04]
	], device = 'cuda:0'), tensor([
		[1.4471e+01, -6.0048e+00, -1.6592e+00, 7.6894e-05],
		[5.1646e+01, -1.6054e+01, -1.6765e+00, 2.6144e-04],
		[2.9259e+01, -1.5930e+01, -1.6980e+00, 9.2272e-05],
		..., [1.2430e+01, -9.1518e+00, -1.6107e+00, 7.6894e-05],
		[8.0809e+01, -1.6681e+01, 1.3717e-01, 1.2303e-04],
		[8.2519e+01, -2.0071e+01, -1.2575e+00, 1.8454e-04]
	], device = 'cuda:0'), tensor([
		[1.6714e+01, -3.4359e+01, -6.8027e-02, 1.1688e-03],
		[1.5910e+01, -3.2807e+00, -1.6194e+00, 7.6894e-05],
		[2.1041e+01, -1.3562e+01, -8.1836e-01, 1.7839e-03],
		..., [1.5754e+01, -2.7389e+00, -1.6236e+00, 1.2303e-04],
		[1.6787e+01, -4.9475e+00, -1.1883e+00, 1.7378e-03],
		[1.7259e+01, -4.3290e+00, -1.3308e+00, 4.6136e-05]
	], device = 'cuda:0'), tensor([
		[4.2220e+01, -1.2061e+01, -1.7336e+00, 6.4591e-04],
		[3.0716e+01, -3.8628e+00, -1.7857e+00, 5.8439e-04],
		[4.0765e+01, -2.4064e+01, -1.6735e+00, 5.8439e-04],
		..., [7.9066e+01, -1.4721e+01, -1.6538e+00, 4.7674e-04],
		[7.0321e+01, -3.0437e+01, -1.8706e+00, 1.8454e-04],
		[3.9415e+01, -1.6073e+01, -1.6869e+00, 2.7682e-04]
	], device = 'cuda:0'), tensor([
		[1.4239e+01, -1.2879e+01, -1.6857e+00, 1.0919e-03],
		[2.7018e+01, -1.4588e+01, -1.6851e+00, 1.1073e-03],
		[2.2316e+01, -2.3223e+01, -1.6909e+00, 4.9212e-04],
		..., [2.4127e+01, -3.0395e+00, -1.6568e+00, 3.2295e-04],
		[1.4063e+01, -8.6918e+00, -1.6323e+00, 1.4456e-03],
		[2.3611e+01, -1.9628e+01, -1.6894e+00, 1.0458e-03]
	], device = 'cuda:0')],
	'gt_bboxes_3d': [LiDARInstance3DBoxes(
		tensor([
			[5.7547e+01, -6.7063e+00, -1.3000e+00, 1.6791e+00, 6.0646e-01,
				1.5121e+00, -1.4112e+00
			],
			[2.0519e+01, -3.5398e+00, -1.6615e+00, 4.2654e+00, 2.0343e+00,
				1.7177e+00, 1.2769e-01
			],
			[7.6826e+01, -6.6820e+00, -2.0920e+00, 4.1942e+00, 1.8869e+00,
				2.3225e+00, -2.7682e+00
			],
			[1.9143e+01, -7.0537e+00, -1.5428e+00, 4.1111e+00, 1.8147e+00,
				1.4961e+00, 6.2476e-02
			],
			[1.4820e+01, -2.7591e+00, -1.5771e+00, 4.1870e+00, 2.0084e+00,
				1.5103e+00, 1.4697e-01
			],
			[5.2136e+01, -4.8250e+00, -1.2389e+00, 1.8441e+00, 7.1567e-01,
				1.5406e+00, 2.7601e+00
			],
			[5.6145e+01, -3.3476e+01, -1.6409e+00, 2.5839e-01, 2.1971e-01,
				5.4225e-01, 1.7604e+00
			],
			[1.2675e+01, -8.7132e+00, -1.6787e+00, 4.1217e+00, 1.7661e+00,
				1.6504e+00, 1.2559e-01
			],
			[2.0838e+01, -1.1029e+01, -2.0624e+00, 4.1323e+00, 1.8285e+00,
				1.5244e+00, 2.3481e-01
			],
			[2.9578e+01, 5.9715e-01, -1.6881e+00, 3.1475e-01, 3.3426e-01,
				7.4758e-01, 1.6337e+00
			],
			[1.6888e+01, -1.3728e+01, -1.7850e+00, 4.4314e+00, 1.8273e+00,
				1.9863e+00, 4.6841e-01
			],
			[1.4566e+01, -6.0490e+00, -1.6430e+00, 4.0209e+00, 1.6991e+00,
				1.5404e+00, 1.9372e-01
			],
			[5.6993e+01, 8.7539e-01, -1.8873e+00, 4.2968e+00, 1.7953e+00,
				2.0308e+00, -2.9458e+00
			],
			[2.0209e+01, 5.4330e-02, -1.5321e+00, 4.4686e+00, 1.9548e+00,
				1.4317e+00, 5.8196e-02
			],
			[4.8635e+01, -1.2951e+01, -1.6878e+00, 4.2067e+00, 1.8198e+00,
				1.6096e+00, 2.9225e+00
			],
			[4.6387e+01, 2.4776e+01, -1.7343e+00, 4.0898e+00, 1.7648e+00,
				1.7129e+00, 1.6841e+00
			],
			[8.2275e+01, 1.0310e+01, -1.8965e+00, 4.5786e-01, 4.5024e-01,
				1.5716e+00, -5.5825e-01
			],
			[8.7794e+01, 7.9126e+00, -1.8445e+00, 3.4708e-01, 3.9891e-01,
				1.4724e+00, -2.8209e+00
			],
			[6.5826e+01, -3.7152e+01, -2.0750e+00, 5.8623e-01, 7.0183e-01,
				1.6887e+00, -1.0497e+00
			],
			[3.0565e+01, 8.9699e-01, -2.0152e+00, 2.6529e-01, 4.1307e-01,
				1.7062e+00, -1.4272e+00
			],
			[7.8864e+01, 1.1149e+01, -1.8945e+00, 4.2700e-01, 5.1122e-01,
				1.5145e+00, 2.8953e-01
			],
			[6.8520e+01, -1.1992e+01, -1.6171e+00, 4.0391e-01, 4.0124e-01,
				1.5207e+00, -1.4550e+00
			],
			[4.0704e+01, 2.0912e+01, -1.5994e+00, 4.9047e-01, 5.5623e-01,
				1.5391e+00, 3.1985e-01
			],
			[8.7319e+01, 5.8661e+00, -2.0468e+00, 5.1634e-01, 6.5824e-01,
				1.7348e+00, -3.0357e+00
			],
			[4.0331e+01, 1.9461e+01, -1.4027e+00, 3.5340e-01, 5.9734e-01,
				1.7031e+00, 2.4782e-01
			],
			[4.1840e+01, -3.0030e+01, -1.5563e+00, 1.7617e+00, 8.5793e-01,
				1.5238e+00, -2.9225e-02
			],
			[3.2911e+01, -2.2409e+01, -2.2276e+00, 1.6244e+00, 6.6355e-01,
				1.7055e+00, 5.4672e-01
			],
			[6.4648e+01, -3.4249e+01, -2.1039e+00, 1.6539e+00, 8.0010e-01,
				1.8130e+00, -1.3534e+00
			],
			[2.9924e+01, -2.0185e+01, -1.6723e+00, 1.6569e+00, 6.6236e-01,
				1.6921e+00, 1.5849e-01
			],
			[8.1282e+01, 1.3992e+01, -2.6772e+00, 1.7931e+00, 7.5434e-01,
				1.8175e+00, -2.9832e+00
			],
			[7.5621e+01, -2.6982e+01, -1.9861e+00, 9.9838e-01, 5.0750e-01,
				1.5596e+00, -1.2649e+00
			],
			[7.0127e+01, 6.4009e-01, -1.9105e+00, 1.6836e+00, 4.9438e-01,
				1.7038e+00, -1.4176e+00
			],
			[4.6138e+01, -2.3906e+01, -1.1315e+00, 1.7031e+00, 5.7337e-01,
				1.5955e+00, 6.2367e-02
			]
		])), LiDARInstance3DBoxes(
		tensor([
			[44.7819, -0.2564, -1.7270, 2.0445, 0.6947, 1.5032, 0.8065],
			[59.5013, -23.9475, -1.5890, 4.5214, 2.2198, 1.4348, 1.3921],
			[60.8513, -11.1704, -1.6170, 4.5964, 1.8889, 1.4761, 2.0561],
			[80.0825, -35.4607, -1.6326, 0.4256, 0.3109, 0.8497, 2.2005],
			[79.5398, -28.9207, -1.6396, 0.3971, 0.4566, 1.2926, 0.7383],
			[65.8931, -1.3680, -1.6092, 4.8991, 1.7829, 1.5063, 2.1754],
			[44.6466, 4.0752, -1.6847, 0.3555, 0.5148, 1.7077, 0.7501],
			[86.0915, -34.3138, -2.3605, 0.3170, 0.3772, 0.7951, 2.0356],
			[34.3977, 3.2743, -1.6837, 0.3721, 0.3720, 0.8576, 1.7013],
			[84.3597, -28.0070, -1.8964, 0.4254, 0.2733, 0.8623, 2.0765],
			[81.3603, -21.5189, -2.0532, 1.8092, 0.7463, 1.5680, -2.4077],
			[44.4435, 2.0829, -1.5691, 0.4711, 0.4726, 1.7157, 0.6156],
			[66.9692, -9.3875, -1.6256, 0.4688, 0.3481, 0.8358, 2.1505],
			[28.5961, -8.0797, -1.3909, 4.7773, 1.8590, 1.4891, -2.3541],
			[46.5541, 1.5032, -1.6909, 0.3705, 0.3372, 0.8062, 1.8062],
			[89.8775, -29.7744, -2.1403, 0.4235, 0.4408, 1.5476, -2.5325],
			[16.2180, -6.3771, -1.2104, 4.3736, 2.0717, 1.8010, 0.5420],
			[47.5873, 2.7942, -1.6128, 0.3674, 0.3586, 0.8086, 1.9305],
			[84.0142, -24.6131, -1.8804, 0.4402, 0.6738, 1.5222, -2.5635],
			[78.3859, -33.5117, -1.9299, 0.2683, 0.2978, 0.8313, 2.3393],
			[88.3994, -30.7146, -2.1220, 0.4500, 0.5101, 1.5498, 0.4832],
			[90.8139, -31.2279, -2.4496, 0.2625, 0.3421, 1.4708, 0.5769],
			[82.8285, -37.6418, -1.8739, 0.4373, 0.3436, 0.8015, 2.0865],
			[39.1727, -0.1361, -1.4453, 0.4640, 0.4170, 0.7960, 1.8132],
			[77.0901, -24.3049, -1.8141, 0.4110, 0.3318, 1.5420, -2.4620],
			[14.4016, -1.3076, -1.2523, 4.7557, 1.7609, 1.4772, 0.6381],
			[62.2520, -37.5141, -1.5805, 4.1277, 1.9849, 1.6295, 1.2509],
			[90.7172, -29.6968, -2.0632, 0.3552, 0.2743, 1.5190, 0.5285],
			[48.1770, 5.0436, -2.0553, 0.4087, 0.3405, 0.8441, 1.5738],
			[37.8463, 0.9485, -1.6793, 0.3946, 0.3444, 0.8004, 1.5614],
			[89.7020, -30.5046, -2.1004, 0.4079, 0.3891, 1.5531, -2.4269],
			[62.1270, 3.9862, -1.3754, 4.4656, 1.7632, 1.4557, 2.3156],
			[40.9477, -1.5096, -1.5814, 0.4519, 0.3726, 0.8498, 1.5546],
			[56.3901, -8.1114, -1.9837, 1.7085, 0.7338, 1.6233, 0.6618],
			[8.2675, -8.7226, -1.5763, 4.1974, 2.0199, 1.4650, 0.7488],
			[85.9897, -31.8681, -2.2062, 0.3152, 0.3211, 0.8820, 2.0590],
			[79.3936, -32.3006, -1.7237, 0.2863, 0.3090, 0.8224, 2.1776],
			[44.2764, 1.2336, -1.7040, 0.3504, 0.4765, 1.7157, 0.5108],
			[79.7601, -27.9453, -2.0068, 0.2283, 0.4613, 1.3527, 0.7191],
			[42.0718, -2.0703, -1.7772, 0.4321, 0.3314, 0.8061, 1.6646],
			[8.7634, -4.9822, -1.5160, 5.0268, 1.9062, 2.6624, 0.8008],
			[44.8818, 0.9887, -1.5429, 0.4904, 0.4219, 1.6622, 0.5824],
			[44.3578, -1.2583, -1.3701, 0.4747, 0.3639, 0.8412, 1.9743],
			[77.4633, -23.8887, -1.6933, 0.4089, 0.4680, 1.6910, -2.5259],
			[84.5993, -25.5501, -1.0152, 0.4153, 0.2742, 0.7843, 2.1804],
			[34.9895, -10.4112, -2.0427, 1.9145, 0.8443, 1.3600, 1.8985],
			[45.5697, 2.5138, -1.6193, 0.4055, 0.5156, 1.5659, 0.6586],
			[14.5188, -13.1133, -1.8606, 4.2933, 1.9487, 1.4559, 0.8276],
			[20.0316, -5.3449, -1.4540, 4.1043, 1.8623, 1.5235, 0.6486],
			[43.4343, -26.8861, -1.4202, 4.6327, 1.7863, 1.4304, -1.6341],
			[36.1330, 2.2265, -2.0105, 0.2772, 0.3163, 0.8664, 1.6932],
			[84.7517, -24.8094, -2.1014, 0.4642, 0.9609, 1.7507, -2.5079],
			[80.1211, -31.0419, -2.0351, 0.4631, 0.3527, 0.8009, 2.1478],
			[15.1013, -9.4921, -1.2079, 4.1390, 2.0475, 1.7149, 0.7058],
			[62.4951, -28.5016, -1.6433, 1.6132, 0.6018, 1.4791, -1.1045],
			[27.9268, -14.4506, -1.6526, 1.8163, 0.8234, 1.6239, 1.9976],
			[44.8917, -35.1037, -1.9048, 1.7237, 0.7185, 1.5735, 2.0664],
			[89.7022, -23.9492, -1.3857, 1.1208, 0.3968, 0.8155, -2.4248]
		])), LiDARInstance3DBoxes(
		tensor([
			[2.5081e+01, -3.2682e+01, -1.6926e+00, 2.8598e-01, 3.3804e-01,
				7.7982e-01, -2.4135e+00
			],
			[7.1724e+01, -3.2851e+01, -2.3601e+00, 1.6469e+00, 5.8260e-01,
				1.8981e+00, -2.4539e+00
			],
			[2.3031e+01, -2.9157e+01, -1.7237e+00, 3.2901e-01, 3.4606e-01,
				8.9286e-01, -2.4254e+00
			],
			[3.2874e+01, -1.3145e+01, -1.6350e+00, 3.6631e-01, 3.8109e-01,
				8.6415e-01, -2.6325e+00
			],
			[6.0377e+01, -3.2133e+01, -1.4183e+00, 4.1086e-01, 3.1648e-01,
				8.4563e-01, -2.5522e+00
			],
			[2.8727e+01, -1.0537e+01, -2.0711e+00, 3.9569e-01, 4.1911e-01,
				8.2477e-01, -2.8393e+00
			],
			[3.5329e+01, -4.5716e+00, -1.6442e+00, 5.4809e+00, 2.5005e+00,
				2.3933e+00, 3.1140e+00
			],
			[3.9602e+01, -1.2022e+01, -1.5318e+00, 3.8925e-01, 3.7203e-01,
				8.3115e-01, -2.5963e+00
			],
			[3.2296e+01, -9.4752e+00, -1.6304e+00, 3.3222e-01, 3.5294e-01,
				8.0175e-01, -2.7019e+00
			],
			[3.5521e+01, -9.3195e+00, -1.7824e+00, 3.6395e-01, 3.8258e-01,
				9.6083e-01, -2.7960e+00
			],
			[3.1244e+01, -1.1804e+01, -1.4977e+00, 3.3121e-01, 3.4471e-01,
				8.6671e-01, -2.8240e+00
			],
			[6.6322e+01, -3.2425e+01, -1.9224e+00, 4.3005e-01, 3.6294e-01,
				8.4817e-01, -2.5993e+00
			],
			[7.9445e+01, -3.6982e+01, -2.6804e+00, 1.5254e-01, 1.2280e-01,
				5.5011e-01, 1.8826e+00
			],
			[6.0813e+01, -3.4526e+01, -1.7915e+00, 3.1994e-01, 3.1410e-01,
				6.9815e-01, -2.5611e+00
			],
			[6.7312e+01, -3.4677e+01, -1.6542e+00, 2.8720e-01, 2.5738e-01,
				7.9285e-01, 3.0997e+00
			],
			[4.9904e+01, -9.0875e+00, -2.0218e+00, 4.8210e+00, 1.8262e+00,
				1.5613e+00, 1.7922e+00
			],
			[3.8922e+01, -8.4031e+00, -1.5939e+00, 4.4130e-01, 4.0110e-01,
				8.4976e-01, -2.6466e+00
			],
			[6.3706e+01, -2.7875e+01, -1.7382e+00, 3.4446e-01, 3.4698e-01,
				7.9269e-01, -2.6608e+00
			],
			[2.5915e+01, -3.1026e+01, -1.9825e+00, 2.9905e-01, 3.7146e-01,
				1.0289e+00, -2.4042e+00
			],
			[6.6282e+01, -3.7804e+01, -2.1356e+00, 1.6922e+00, 5.8054e-01,
				1.5369e+00, -9.6112e-01
			],
			[7.5835e+01, -1.7517e+01, -1.7514e+00, 1.7360e+00, 7.8957e-01,
				1.5330e+00, -1.0448e+00
			],
			[4.8988e+01, -3.3006e+01, -2.2484e+00, 4.5329e+00, 1.9292e+00,
				1.8774e+00, 1.3258e+00
			],
			[3.5851e+01, -1.4771e+01, -1.7898e+00, 3.2721e-01, 4.1545e-01,
				8.7463e-01, -2.7612e+00
			],
			[4.0740e+01, -9.6913e+00, -1.5680e+00, 3.6150e-01, 3.9222e-01,
				8.7065e-01, -2.8779e+00
			],
			[6.5698e+01, -2.9923e+01, -1.8582e+00, 3.2217e-01, 3.3705e-01,
				8.6565e-01, -2.7267e+00
			],
			[6.4902e+01, -3.6866e+01, -2.4390e+00, 1.7648e+00, 6.7971e-01,
				1.5115e+00, -1.1263e+00
			],
			[2.0959e+01, -1.4129e+01, -1.6850e+00, 4.4976e+00, 2.0593e+00,
				1.9852e+00, -2.4765e+00
			],
			[6.4879e+01, -2.6265e+01, -1.7259e+00, 3.9406e-01, 3.9695e-01,
				8.8817e-01, -2.4589e+00
			],
			[6.1547e+01, -3.0705e+01, -1.8919e+00, 3.4557e-01, 3.7025e-01,
				9.7468e-01, -2.6599e+00
			],
			[7.6610e+01, -3.2140e+01, -2.9961e+00, 2.2221e-01, 1.6535e-01,
				6.4550e-01, 1.6803e+00
			],
			[2.6680e+01, -8.9054e+00, -1.5735e+00, 3.6542e-01, 4.0998e-01,
				8.9417e-01, -2.6537e+00
			],
			[6.6644e+01, -2.3107e+01, -1.7981e+00, 4.0674e-01, 3.8372e-01,
				8.0558e-01, -2.5628e+00
			],
			[5.3119e+01, -1.4912e+01, -1.5980e+00, 2.5201e-01, 3.5697e-01,
				8.6277e-01, -2.7726e+00
			],
			[7.7037e+01, -3.3289e+01, -1.9085e+00, 3.0853e-01, 1.8289e-01,
				4.4281e-01, 1.5386e+00
			],
			[3.8218e+01, -1.3862e+01, -1.3279e+00, 3.1100e-01, 3.8695e-01,
				7.6892e-01, -2.6354e+00
			],
			[6.3564e+01, -3.5888e+01, -2.0957e+00, 2.8117e-01, 3.2430e-01,
				8.2675e-01, -2.5197e+00
			],
			[3.9447e+01, -1.6396e+01, -1.4764e+00, 4.9037e+00, 2.0303e+00,
				2.1647e+00, -6.6637e-01
			],
			[1.3365e+01, -2.4068e+01, -1.8452e+00, 4.4096e+00, 2.1512e+00,
				1.7565e+00, 4.3622e-01
			],
			[6.0990e+01, -1.2727e+01, -1.5478e+00, 4.4273e+00, 2.1190e+00,
				1.5409e+00, -1.0576e+00
			],
			[7.3709e+01, -2.6018e+01, -1.8735e+00, 5.3981e-01, 5.8337e-01,
				1.6417e+00, -9.8312e-01
			],
			[6.3001e+01, -1.6584e+01, -2.1401e+00, 1.8332e+00, 6.5655e-01,
				1.8721e+00, -1.2592e+00
			],
			[7.0118e+01, -2.6779e+01, -2.2827e+00, 1.8893e+00, 7.0713e-01,
				1.6463e+00, 3.1807e-02
			],
			[7.3337e+01, -2.4354e+01, -2.0510e+00, 1.7758e+00, 7.1012e-01,
				1.4460e+00, -9.5636e-01
			],
			[7.6576e+01, -2.0268e+01, -2.1497e+00, 1.7707e+00, 6.7298e-01,
				1.6498e+00, -9.2717e-01
			]
		])), LiDARInstance3DBoxes(
		tensor([
			[1.8383e+01, -6.0739e+00, -1.7654e+00, 4.2180e+00, 1.9801e+00,
				1.4938e+00, -2.5981e+00
			],
			[7.5789e+01, -1.7127e+01, -1.7917e+00, 3.1478e-01, 3.1187e-01,
				7.5158e-01, -1.7633e+00
			],
			[6.1331e+01, -2.1437e+01, -1.1906e+00, 3.7831e-01, 4.8080e-01,
				6.0159e-01, -2.6150e+00
			],
			[2.8254e+01, -2.7489e+01, -1.2840e+00, 3.1085e-01, 5.2987e-01,
				9.1702e-01, -2.3083e+00
			],
			[4.1547e+01, 5.6123e-01, -1.8967e+00, 3.6854e-01, 4.8900e-01,
				8.1444e-01, -2.6478e+00
			],
			[1.2629e+01, -3.5239e+00, -1.7885e+00, 4.0744e+00, 1.8816e+00,
				1.4170e+00, -2.6206e+00
			],
			[2.8914e+01, -5.6419e+00, -1.3195e+00, 3.3801e-01, 3.7962e-01,
				7.2378e-01, -2.7342e+00
			],
			[6.4385e+01, -1.5137e+01, -1.1769e+00, 3.6246e-01, 4.2388e-01,
				6.8414e-01, -2.6877e+00
			],
			[3.4410e+01, -3.9906e+00, -1.4115e+00, 3.5833e-01, 4.0236e-01,
				8.8037e-01, -2.7768e+00
			],
			[2.2407e+01, -1.3273e+01, -1.7693e+00, 2.2101e-01, 2.8100e-01,
				4.6380e-01, -2.5427e+00
			],
			[4.0601e+01, -1.4162e+00, -1.2872e+00, 3.3144e-01, 4.9844e-01,
				7.6526e-01, -2.7719e+00
			],
			[6.6004e+01, -1.8874e+01, -1.4502e+00, 4.0107e-01, 5.0820e-01,
				5.8768e-01, -2.6655e+00
			],
			[2.8075e+01, -2.5491e+01, -1.7332e+00, 2.6338e-01, 4.7692e-01,
				8.4541e-01, -2.2680e+00
			],
			[3.7312e+01, -7.5847e+00, -1.6457e+00, 3.3146e-01, 5.4163e-01,
				8.6672e-01, -2.8063e+00
			],
			[3.1729e+01, -4.9561e+00, -1.3946e+00, 2.8868e-01, 4.3648e-01,
				7.7051e-01, -2.6700e+00
			],
			[6.4525e+01, -2.4961e+01, -1.5198e+00, 2.7399e-01, 3.5640e-01,
				7.1389e-01, -2.7773e+00
			],
			[6.7965e+01, -2.4005e+01, -1.6301e+00, 3.9092e-01, 4.8465e-01,
				8.1777e-01, -2.5719e+00
			],
			[7.5479e+01, -1.1502e+01, -2.0434e+00, 2.5819e-01, 2.6298e-01,
				6.8059e-01, -1.7671e+00
			],
			[6.2675e+01, -2.3487e+01, -1.8512e+00, 2.6248e-01, 4.0287e-01,
				5.7828e-01, -2.6227e+00
			],
			[3.0947e+01, -6.4631e+00, -1.0897e+00, 3.0752e-01, 3.5886e-01,
				8.4365e-01, -2.7832e+00
			],
			[3.3256e+01, -7.6656e+00, -1.5701e+00, 2.6804e-01, 4.0522e-01,
				8.1917e-01, -2.8505e+00
			],
			[6.8615e+01, -2.7030e+01, -1.7180e+00, 3.2080e-01, 3.4912e-01,
				8.7674e-01, -2.8222e+00
			],
			[3.5607e+01, -8.4571e+00, -1.5647e+00, 2.6834e-01, 4.2514e-01,
				8.7454e-01, -2.8137e+00
			],
			[3.7815e+01, -2.3436e+00, -1.6353e+00, 2.8684e-01, 4.1151e-01,
				8.2504e-01, -2.5581e+00
			],
			[3.9024e+01, -5.3223e+00, -1.1705e+00, 4.4185e-01, 4.8661e-01,
				7.8402e-01, -2.6172e+00
			],
			[5.2672e+01, -7.4011e+00, -1.3533e+00, 3.0799e-01, 5.1944e-01,
				7.9990e-01, -2.7638e+00
			],
			[4.5850e+01, -1.5957e+01, -2.1898e+00, 4.4107e+00, 1.7788e+00,
				1.8781e+00, -4.7162e-01
			],
			[2.6369e+01, -4.7277e+00, -1.9078e+00, 3.4760e-01, 4.7339e-01,
				8.2043e-01, -2.5768e+00
			],
			[3.9871e+01, -3.7069e+00, -1.0305e+00, 2.9609e-01, 4.5198e-01,
				7.7750e-01, -2.6120e+00
			],
			[2.5205e+01, -2.4474e+01, -1.3521e+00, 2.7763e-01, 4.9636e-01,
				7.8444e-01, -2.3188e+00
			],
			[3.1375e+01, -1.9820e+01, -1.6638e+00, 4.1710e+00, 2.0199e+00,
				1.5291e+00, 3.0816e-02
			],
			[6.6855e+01, -2.0689e+01, -1.7224e+00, 3.7709e-01, 5.2740e-01,
				6.8441e-01, -2.6060e+00
			],
			[7.6794e+01, -1.9267e+01, -1.8735e+00, 2.8343e-01, 2.6936e-01,
				5.4651e-01, -1.7119e+00
			],
			[7.2063e+01, -2.8541e+01, -1.6732e+00, 3.1618e-01, 3.3954e-01,
				7.2065e-01, -2.6556e+00
			],
			[6.3546e+01, -1.7352e+01, -1.5892e+00, 3.3041e-01, 3.7912e-01,
				8.7286e-01, -2.7814e+00
			],
			[8.0421e+01, -2.4051e+01, -1.8973e+00, 3.5426e-01, 3.6728e-01,
				5.9874e-01, -1.5463e+00
			],
			[6.5843e+01, -1.2650e+01, -1.7535e+00, 3.3922e-01, 4.8409e-01,
				7.3313e-01, -2.7846e+00
			],
			[6.2192e+01, -1.9801e+01, -1.3060e+00, 3.9646e-01, 3.9821e-01,
				5.3404e-01, -2.5505e+00
			],
			[3.6621e+01, -1.4136e+01, -1.5003e+00, 4.6673e+00, 1.9796e+00,
				1.5274e+00, -9.8062e-01
			],
			[4.9945e+01, 5.5455e+00, -1.1716e+00, 4.9192e+00, 1.7165e+00,
				1.5763e+00, -1.1930e+00
			],
			[3.0936e+01, 8.0581e-01, -1.5307e+00, 3.8689e-01, 6.9023e-01,
				1.6428e+00, -1.1064e+00
			],
			[1.6742e+01, -3.4381e+01, -1.4899e+00, 3.7640e-01, 4.9149e-01,
				1.6776e+00, 1.4951e+00
			],
			[2.3643e+01, -9.8724e+00, -2.0963e+00, 7.0231e-01, 6.0049e-01,
				1.5313e+00, -1.2198e+00
			],
			[6.9304e+01, -1.4213e+01, -1.9877e+00, 4.7161e-01, 6.5215e-01,
				1.5745e+00, -1.8297e+00
			],
			[2.5590e+01, -6.0053e+00, -1.1312e+00, 5.9931e-01, 4.9788e-01,
				1.5605e+00, -9.4177e-01
			],
			[7.4961e+01, -2.6514e+01, -1.3547e+00, 5.7056e-01, 5.9876e-01,
				1.4878e+00, 4.3140e-01
			],
			[7.4228e+01, -1.2339e+01, -2.0905e+00, 1.6270e+00, 6.4014e-01,
				1.5667e+00, -1.4081e+00
			],
			[2.9959e+01, -3.6611e+00, -1.5839e+00, 1.7099e+00, 6.7016e-01,
				1.5957e+00, 3.1026e+00
			],
			[2.3184e+01, -1.8780e+01, -1.5535e+00, 1.6805e+00, 6.0025e-01,
				1.4441e+00, 1.8174e+00
			],
			[6.7968e+01, -2.5615e+01, -2.3459e+00, 1.9226e+00, 6.5739e-01,
				1.6880e+00, -1.0765e+00
			]
		])), LiDARInstance3DBoxes(
		tensor([
			[2.4451e+01, -1.0630e+01, -1.5516e+00, 4.3289e+00, 1.8306e+00,
				1.4161e+00, -2.8155e+00
			],
			[7.0828e+01, -2.7526e+01, -2.0217e+00, 4.3420e+00, 1.7646e+00,
				1.4932e+00, -2.6045e+00
			],
			[6.2777e+01, -8.9053e+00, -2.0075e+00, 4.9875e+00, 2.0712e+00,
				1.5819e+00, -1.2977e+00
			],
			[3.1905e+01, -2.9640e+01, -1.8234e+00, 4.6828e+00, 1.7763e+00,
				2.1893e+00, -1.9140e+00
			],
			[2.0702e+01, -4.8110e+00, -1.6977e+00, 4.8303e+00, 2.1584e+00,
				1.5713e+00, -2.8501e+00
			],
			[8.0369e+01, -2.1335e+01, -1.1452e+00, 1.3221e+00, 2.8547e-01,
				7.8762e-01, -2.6708e+00
			],
			[3.4900e+01, -2.1923e+00, -1.9407e+00, 1.7305e+00, 4.9652e-01,
				1.7244e+00, -8.1754e-02
			],
			[3.1210e+01, -1.2636e+00, -2.0231e+00, 1.7926e+00, 6.3997e-01,
				1.6783e+00, -2.9173e+00
			],
			[6.9374e+01, -3.1017e+01, -1.4804e+00, 4.4006e+00, 2.0089e+00,
				1.5183e+00, -2.4561e+00
			],
			[3.2342e+01, -2.3208e+00, -1.8133e+00, 1.7573e+00, 6.5933e-01,
				1.6524e+00, 2.9503e+00
			],
			[7.8528e+01, -3.7663e+01, -1.9675e+00, 4.6243e+00, 2.1701e+00,
				2.1343e+00, -2.6313e+00
			],
			[1.2738e+01, -5.6579e+00, -2.1759e+00, 4.4469e+00, 1.9026e+00,
				1.4760e+00, -2.7274e+00
			],
			[1.3801e+01, -1.2014e+01, -1.3538e+00, 4.2814e+00, 2.0302e+00,
				1.7400e+00, -2.7936e+00
			],
			[3.5412e+01, -1.1952e+01, -2.0267e+00, 4.3674e+00, 1.8667e+00,
				1.4798e+00, -2.6198e+00
			],
			[6.5675e+01, -1.8896e+01, -2.1037e+00, 5.4252e+00, 1.9644e+00,
				2.0558e+00, -2.2298e+00
			],
			[4.1162e+01, -1.8844e+01, -1.6898e+00, 4.2812e+00, 1.7976e+00,
				1.6626e+00, -2.6322e+00
			],
			[1.6862e+01, -3.5717e+01, -2.0530e+00, 4.2744e-01, 6.4528e-01,
				1.6880e+00, 2.1089e+00
			],
			[9.1564e+01, -2.4529e+01, -2.6556e+00, 5.0880e-01, 8.4175e-01,
				1.8382e+00, -2.5494e+00
			],
			[7.2273e+01, -1.4728e+01, -1.7527e+00, 6.8277e-01, 5.5183e-01,
				1.7659e+00, -1.0917e+00
			],
			[1.8140e+01, -3.5711e+01, -1.4403e+00, 3.3274e-01, 4.3270e-01,
				1.5412e+00, 2.1166e+00
			],
			[7.1437e+01, -3.9010e+01, -2.2493e+00, 3.6447e-01, 3.6891e-01,
				1.7784e+00, -2.6421e+00
			],
			[6.7711e+01, -6.3418e+00, -2.0353e+00, 1.7686e+00, 6.8781e-01,
				1.5758e+00, -2.1609e+00
			],
			[7.4647e+01, -2.8019e+01, -1.6638e+00, 1.7761e+00, 7.0415e-01,
				1.7328e+00, -1.1747e+00
			]
		])), LiDARInstance3DBoxes(
		tensor([
			[60.4245, -6.6130, -2.1995, 4.4983, 2.1038, 1.6094, 2.5118],
			[80.5133, -35.6278, -2.0025, 0.5664, 0.5478, 1.5998, 0.8296],
			[61.2518, -21.8999, -1.5544, 0.3444, 0.3819, 0.8600, 2.2278],
			[12.8140, -10.4482, -1.6640, 4.2195, 1.9729, 1.4237, 0.8283],
			[41.0727, -7.0247, -1.0280, 0.3409, 0.3069, 0.8018, 2.1824],
			[35.8159, -4.2873, -2.1349, 0.3877, 0.5026, 1.8363, 2.4749],
			[15.7083, -9.1176, -1.4729, 4.1648, 1.7844, 1.6745, 0.7934],
			[65.5468, -18.4453, -1.9290, 0.3564, 0.3534, 0.8260, 2.2518],
			[35.3455, -1.4254, -1.9572, 0.3779, 0.3762, 0.8024, 2.4734],
			[79.8497, -37.4070, -1.8867, 0.5016, 0.5163, 1.7181, -2.2797],
			[62.8355, -23.3650, -1.2814, 0.3052, 0.3316, 0.8077, 2.3356],
			[39.5122, -5.5528, -2.0445, 0.3277, 0.3123, 0.7928, 2.2388],
			[42.1183, -7.9583, -1.2645, 0.3691, 0.3693, 0.8584, 2.2286],
			[15.9314, -3.7497, -1.8924, 4.1879, 1.9630, 1.6200, 0.1245],
			[38.2935, -4.2687, -1.6378, 0.3707, 0.3473, 0.7886, 2.4655],
			[12.8955, -15.2753, -1.8969, 4.2247, 1.7940, 1.4745, 0.8088],
			[64.4638, -2.3222, -1.9210, 1.8419, 0.7433, 1.5668, 2.2422],
			[78.7813, -39.4604, -2.0315, 0.3244, 0.3430, 0.8792, 2.2632],
			[45.6213, -5.4944, -1.7528, 0.5079, 0.4975, 1.4137, 0.6926],
			[77.8848, -38.4971, -1.7996, 0.5268, 0.4953, 1.5750, -2.4444],
			[79.2462, -38.5379, -2.5728, 0.4947, 0.5138, 1.6029, -2.2147],
			[46.8274, -4.3715, -1.4138, 0.3630, 0.3513, 0.8220, 2.3955],
			[36.2534, -5.1436, -1.8055, 0.5097, 0.6333, 1.7347, 2.1978],
			[78.9715, -36.3534, -2.1529, 0.5141, 0.5527, 1.7719, -2.3790],
			[36.5529, -2.8486, -1.5034, 0.3819, 0.3327, 0.8021, 2.3022],
			[48.2794, -3.6654, -1.7310, 0.4948, 0.5474, 1.6898, 1.0923],
			[18.9311, -7.4899, -1.0820, 4.4496, 1.8293, 1.4901, 0.7978],
			[45.3979, -6.5848, -1.4151, 0.3572, 0.3597, 0.8399, 2.1194],
			[79.9520, -38.1011, -1.8426, 0.3587, 0.3145, 0.8651, 2.5523],
			[44.2861, -7.3573, -1.7442, 0.3793, 0.3829, 0.8226, 2.2389],
			[63.8764, -20.1456, -1.4820, 0.3590, 0.3265, 0.8722, 2.5556],
			[47.8304, -3.3607, -2.0367, 0.3541, 0.3196, 0.8368, 2.2598],
			[75.8784, -38.5825, -2.4487, 0.5006, 0.5216, 1.6535, -2.2921],
			[81.5283, -36.4578, -2.3376, 0.3623, 0.3273, 0.8753, 2.2235],
			[49.2577, -2.0458, -2.2893, 0.3217, 0.3732, 0.7970, 2.3149],
			[79.9190, -33.7583, -2.1440, 1.7810, 0.7449, 1.5717, -2.2213],
			[88.9688, -27.3204, -1.8739, 4.1950, 1.8311, 1.4479, -1.1903],
			[23.2162, -26.9572, -1.6345, 4.7753, 2.0299, 1.5044, -1.0849],
			[22.2899, -19.9005, -1.7079, 0.8217, 0.2994, 0.9073, -0.8161],
			[11.2704, -38.7354, -1.2728, 1.6714, 0.6296, 1.6222, 0.8372],
			[23.5664, -36.6318, -1.6390, 1.6676, 0.8778, 1.6480, 0.8857]
		]))],
	'gt_labels_3d': [tensor([1, 2, 2, 2, 2, -1, -1, 2, 2, -1, 2, 2, 2, 2, 2, 2, 0, 0,
			0, 0, 0, 0, 0, 0, 0, 1, 1, 1, 1, 1, 1, 1, 1
		],
		device = 'cuda:0'), tensor([-1, 2, 2, -1, 0, 2, 0, -1, -1, -1, -1, 0, -1, 2, -1, 0, 2, -1,
		0, -1, 0, 0, -1, -1, 0, 2, 2, 0, -1, -1, 0, 2, -1, 1, 2, -1, -1, 0, 0, -1, -1, 0, -1, 0, -1, -1, 0, 2, 2, 2, -1, 0, -1, 2,
		1, 1, 1, 1
	], device = 'cuda:0'), tensor([-1, 1, -1, -1, -1, -1, -1, -1, -1, -1, -1, -1, -1, -1, -1, 2, -1, -1, -1, 1, 1, 2, -1, -1, -1, -1, -1, -1, -1, -1, -1, -1, -1, -1, -1, -1,
		2, 2, 2, 0, 1, 1, 1, 1
	], device = 'cuda:0'), tensor([2, -1, -1, -1, -1, 2, -1, -1, -1, -1, -1, -1, -1, -1, -1, -1, -1, -1, -1, -1, -1, -1, -1, -1, -1, -1, 2, -1, -1, -1, 2, -1, -1, -1, -1, -1, -1, -1, 2, 2, 0, 0, 0, 0, 0, 0, 1, 1, 1, 1],
		device = 'cuda:0'), tensor([2, 2, 2, 2, 2, 1, 1, 1, 2, 1, -1, 2, 2, 2, -1, 2, 0, 0,
		0, 0, 0, 1, 1
	], device = 'cuda:0'), tensor([-1, 0, -1, 2, -1, 0, 2, -1, -1, 0, -1, -1, -1, 2, -1, 2, -1, -1,
		0, 0, 0, -1, 0, 0, -1, 0, 2, -1, -1, -1, -1, -1, 0, -1, -1, -1,
		2, 2, 1, 1, 1
	], device = 'cuda:0')]
}