{
	'dataset_type': 'KittiDataset',
	'data_root': './data/DAIR-V2X/cooperative-vehicle-infrastructure/infrastructure-side/',
	'class_names': ['Pedestrian', 'Cyclist', 'Car'],
	'point_cloud_range': [0, -39.68, -3, 92.16, 39.68, 1],
	'voxel_size': [0.16, 0.16, 4],
	'length': 576,
	'height': 496,
	'output_shape': [496, 576],
	'z_center_pedestrian': -0.6,
	'z_center_cyclist': -0.6,
	'z_center_car': -1.78,
	'work_dir': '/workspace/mnt/storage/guangcongzheng/DAIR-V2X-C/train_model/vic3d_latefusion_inf_pointpillars',
	'model': {
		'type': 'VoxelNet',
		'voxel_layer': {
			'max_num_points': 32,
			'point_cloud_range': [0, -39.68, -3, 92.16, 39.68, 1],
			'voxel_size': [0.16, 0.16, 4],
			'max_voxels': (16000, 40000)
		},
		'voxel_encoder': {
			'type': 'PillarFeatureNet',
			'in_channels': 4,
			'feat_channels': [64],
			'with_distance': False,
			'voxel_size': [0.16, 0.16, 4],
			'point_cloud_range': [0, -39.68, -3, 92.16, 39.68, 1]
		},
		'middle_encoder': {
			'type': 'PointPillarsScatter',
			'in_channels': 64,
			'output_shape': [496, 576]
		},
		'backbone': {
			'type': 'SECOND',
			'in_channels': 64,
			'layer_nums': [3, 5, 5],
			'layer_strides': [2, 2, 2],
			'out_channels': [64, 128, 256]
		},
		'neck': {
			'type': 'SECONDFPN',
			'in_channels': [64, 128, 256],
			'upsample_strides': [1, 2, 4],
			'out_channels': [128, 128, 128]
		},
		'bbox_head': {
			'type': 'Anchor3DHead',
			'num_classes': 3,
			'in_channels': 384,
			'feat_channels': 384,
			'use_direction_classifier': True,
			'anchor_generator': {
				'type': 'Anchor3DRangeGenerator',
				'ranges': [
					[0, -39.68, -0.6, 92.16, 39.68, -0.6],
					[0, -39.68, -0.6, 92.16, 39.68, -0.6],
					[0, -39.68, -1.78, 92.16, 39.68, -1.78]
				],
				'sizes': [
					[0.6, 0.8, 1.73],
					[0.6, 1.76, 1.73],
					[1.6, 3.9, 1.56]
				],
				'rotations': [0, 1.57],
				'reshape_out': False
			},
			'diff_rad_by_sin': True,
			'bbox_coder': {
				'type': 'DeltaXYZWLHRBBoxCoder'
			},
			'loss_cls': {
				'type': 'FocalLoss',
				'use_sigmoid': True,
				'gamma': 2.0,
				'alpha': 0.25,
				'loss_weight': 1.0
			},
			'loss_bbox': {
				'type': 'SmoothL1Loss',
				'beta': 0.1111111111111111,
				'loss_weight': 2.0
			},
			'loss_dir': {
				'type': 'CrossEntropyLoss',
				'use_sigmoid': False,
				'loss_weight': 0.2
			}
		},
		'train_cfg': {
			'assigner': [{
				'type': 'MaxIoUAssigner',
				'iou_calculator': {
					'type': 'BboxOverlapsNearest3D'
				},
				'pos_iou_thr': 0.5,
				'neg_iou_thr': 0.35,
				'min_pos_iou': 0.35,
				'ignore_iof_thr': -1
			}, {
				'type': 'MaxIoUAssigner',
				'iou_calculator': {
					'type': 'BboxOverlapsNearest3D'
				},
				'pos_iou_thr': 0.5,
				'neg_iou_thr': 0.35,
				'min_pos_iou': 0.35,
				'ignore_iof_thr': -1
			}, {
				'type': 'MaxIoUAssigner',
				'iou_calculator': {
					'type': 'BboxOverlapsNearest3D'
				},
				'pos_iou_thr': 0.6,
				'neg_iou_thr': 0.45,
				'min_pos_iou': 0.45,
				'ignore_iof_thr': -1
			}],
			'allowed_border': 0,
			'pos_weight': -1,
			'debug': False
		},
		'test_cfg': {
			'use_rotate_nms': True,
			'nms_across_levels': False,
			'nms_thr': 0.01,
			'score_thr': 0.1,
			'min_bbox_size': 0,
			'nms_pre': 100,
			'max_num': 50
		}
	},
	'file_client_args': {
		'backend': 'disk'
	},
	'train_pipeline': [{
		'type': 'LoadPointsFromFile',
		'coord_type': 'LIDAR',
		'load_dim': 4,
		'use_dim': 4
	}, {
		'type': 'LoadAnnotations3D',
		'with_bbox_3d': True,
		'with_label_3d': True
	}, {
		'type': 'ObjectSample',
		'db_sampler': {
			'data_root': './data/DAIR-V2X/cooperative-vehicle-infrastructure/infrastructure-side/',
			'info_path': './data/DAIR-V2X/cooperative-vehicle-infrastructure/infrastructure-side//kitti_dbinfos_train.pkl',
			'rate': 1.0,
			'prepare': {
				'filter_by_difficulty': [-1],
				'filter_by_min_points': {
					'Car': 5,
					'Pedestrian': 10,
					'Cyclist': 10
				}
			},
			'classes': ['Pedestrian', 'Cyclist', 'Car'],
			'sample_groups': {
				'Car': 15,
				'Pedestrian': 10,
				'Cyclist': 10
			}
		}
	}, {
		'type': 'ObjectNoise',
		'num_try': 100,
		'translation_std': [0.25, 0.25, 0.25],
		'global_rot_range': [0.0, 0.0],
		'rot_range': [-0.15707963267, 0.15707963267]
	}, {
		'type': 'RandomFlip3D',
		'flip_ratio_bev_horizontal': 0.5
	}, {
		'type': 'GlobalRotScaleTrans',
		'rot_range': [-0.78539816, 0.78539816],
		'scale_ratio_range': [0.95, 1.05]
	}, {
		'type': 'PointsRangeFilter',
		'point_cloud_range': [0, -39.68, -3, 92.16, 39.68, 1]
	}, {
		'type': 'ObjectRangeFilter',
		'point_cloud_range': [0, -39.68, -3, 92.16, 39.68, 1]
	}, {
		'type': 'PointShuffle'
	}, {
		'type': 'DefaultFormatBundle3D',
		'class_names': ['Pedestrian', 'Cyclist', 'Car']
	}, {
		'type': 'Collect3D',
		'keys': ['points', 'gt_bboxes_3d', 'gt_labels_3d']
	}],
	'test_pipeline': [{
		'type': 'LoadPointsFromFile',
		'coord_type': 'LIDAR',
		'load_dim': 4,
		'use_dim': 4
	}, {
		'type': 'MultiScaleFlipAug3D',
		'img_scale': (496, 576),
		'pts_scale_ratio': 1,
		'flip': False,
		'transforms': [{
			'type': 'GlobalRotScaleTrans',
			'rot_range': [0, 0],
			'scale_ratio_range': [1.0, 1.0],
			'translation_std': [0, 0, 0]
		}, {
			'type': 'RandomFlip3D'
		}, {
			'type': 'PointsRangeFilter',
			'point_cloud_range': [0, -39.68, -3, 92.16, 39.68, 1]
		}, {
			'type': 'DefaultFormatBundle3D',
			'class_names': ['Pedestrian', 'Cyclist', 'Car'],
			'with_label': False
		}, {
			'type': 'Collect3D',
			'keys': ['points']
		}]
	}],
	'eval_pipeline': [{
		'type': 'LoadPointsFromFile',
		'coord_type': 'LIDAR',
		'load_dim': 4,
		'use_dim': 4,
		'file_client_args': {
			'backend': 'disk'
		}
	}, {
		'type': 'DefaultFormatBundle3D',
		'class_names': ['Pedestrian', 'Cyclist', 'Car'],
		'with_label': False
	}, {
		'type': 'Collect3D',
		'keys': ['points']
	}],
	'data': {
		'samples_per_gpu': 6,
		'workers_per_gpu': 4,
		'train': {
			'type': 'RepeatDataset',
			'times': 2,
			'dataset': {
				'type': 'KittiDataset',
				'data_root': './data/DAIR-V2X/cooperative-vehicle-infrastructure/infrastructure-side/',
				'ann_file': './data/DAIR-V2X/cooperative-vehicle-infrastructure/infrastructure-side//kitti_infos_train.pkl',
				'split': 'training',
				'pts_prefix': 'velodyne_reduced',
				'pipeline': [{
					'type': 'LoadPointsFromFile',
					'coord_type': 'LIDAR',
					'load_dim': 4,
					'use_dim': 4
				}, {
					'type': 'LoadAnnotations3D',
					'with_bbox_3d': True,
					'with_label_3d': True
				}, {
					'type': 'ObjectSample',
					'db_sampler': {
						'data_root': './data/DAIR-V2X/cooperative-vehicle-infrastructure/infrastructure-side/',
						'info_path': './data/DAIR-V2X/cooperative-vehicle-infrastructure/infrastructure-side//kitti_dbinfos_train.pkl',
						'rate': 1.0,
						'prepare': {
							'filter_by_difficulty': [-1],
							'filter_by_min_points': {
								'Car': 5,
								'Pedestrian': 10,
								'Cyclist': 10
							}
						},
						'classes': ['Pedestrian', 'Cyclist', 'Car'],
						'sample_groups': {
							'Car': 15,
							'Pedestrian': 10,
							'Cyclist': 10
						}
					}
				}, {
					'type': 'ObjectNoise',
					'num_try': 100,
					'translation_std': [0.25, 0.25, 0.25],
					'global_rot_range': [0.0, 0.0],
					'rot_range': [-0.15707963267, 0.15707963267]
				}, {
					'type': 'RandomFlip3D',
					'flip_ratio_bev_horizontal': 0.5
				}, {
					'type': 'GlobalRotScaleTrans',
					'rot_range': [-0.78539816, 0.78539816],
					'scale_ratio_range': [0.95, 1.05]
				}, {
					'type': 'PointsRangeFilter',
					'point_cloud_range': [0, -39.68, -3, 92.16, 39.68, 1]
				}, {
					'type': 'ObjectRangeFilter',
					'point_cloud_range': [0, -39.68, -3, 92.16, 39.68, 1]
				}, {
					'type': 'PointShuffle'
				}, {
					'type': 'DefaultFormatBundle3D',
					'class_names': ['Pedestrian', 'Cyclist', 'Car']
				}, {
					'type': 'Collect3D',
					'keys': ['points', 'gt_bboxes_3d', 'gt_labels_3d']
				}],
				'modality': {
					'use_lidar': True,
					'use_camera': False
				},
				'classes': ['Pedestrian', 'Cyclist', 'Car'],
				'test_mode': False,
				'pcd_limit_range': [0, -39.68, -3, 92.16, 39.68, 1],
				'box_type_3d': 'LiDAR'
			}
		},
		'val': {
			'type': 'KittiDataset',
			'data_root': './data/DAIR-V2X/cooperative-vehicle-infrastructure/infrastructure-side/',
			'ann_file': './data/DAIR-V2X/cooperative-vehicle-infrastructure/infrastructure-side//kitti_infos_val.pkl',
			'split': 'training',
			'pts_prefix': 'velodyne_reduced',
			'pipeline': [{
				'type': 'LoadPointsFromFile',
				'coord_type': 'LIDAR',
				'load_dim': 4,
				'use_dim': 4
			}, {
				'type': 'MultiScaleFlipAug3D',
				'img_scale': (496, 576),
				'pts_scale_ratio': 1,
				'flip': False,
				'transforms': [{
					'type': 'GlobalRotScaleTrans',
					'rot_range': [0, 0],
					'scale_ratio_range': [1.0, 1.0],
					'translation_std': [0, 0, 0]
				}, {
					'type': 'RandomFlip3D'
				}, {
					'type': 'PointsRangeFilter',
					'point_cloud_range': [0, -39.68, -3, 92.16, 39.68, 1]
				}, {
					'type': 'DefaultFormatBundle3D',
					'class_names': ['Pedestrian', 'Cyclist', 'Car'],
					'with_label': False
				}, {
					'type': 'Collect3D',
					'keys': ['points']
				}]
			}],
			'modality': {
				'use_lidar': True,
				'use_camera': False
			},
			'classes': ['Pedestrian', 'Cyclist', 'Car'],
			'test_mode': True,
			'pcd_limit_range': [0, -39.68, -3, 92.16, 39.68, 1],
			'box_type_3d': 'LiDAR'
		},
		'test': {
			'type': 'KittiDataset',
			'data_root': './data/DAIR-V2X/cooperative-vehicle-infrastructure/infrastructure-side/',
			'ann_file': './data/DAIR-V2X/cooperative-vehicle-infrastructure/infrastructure-side//kitti_infos_val.pkl',
			'split': 'training',
			'pts_prefix': 'velodyne_reduced',
			'pipeline': [{
				'type': 'LoadPointsFromFile',
				'coord_type': 'LIDAR',
				'load_dim': 4,
				'use_dim': 4
			}, {
				'type': 'MultiScaleFlipAug3D',
				'img_scale': (496, 576),
				'pts_scale_ratio': 1,
				'flip': False,
				'transforms': [{
					'type': 'GlobalRotScaleTrans',
					'rot_range': [0, 0],
					'scale_ratio_range': [1.0, 1.0],
					'translation_std': [0, 0, 0]
				}, {
					'type': 'RandomFlip3D'
				}, {
					'type': 'PointsRangeFilter',
					'point_cloud_range': [0, -39.68, -3, 92.16, 39.68, 1]
				}, {
					'type': 'DefaultFormatBundle3D',
					'class_names': ['Pedestrian', 'Cyclist', 'Car'],
					'with_label': False
				}, {
					'type': 'Collect3D',
					'keys': ['points']
				}]
			}],
			'modality': {
				'use_lidar': True,
				'use_camera': False
			},
			'classes': ['Pedestrian', 'Cyclist', 'Car'],
			'test_mode': True,
			'pcd_limit_range': [0, -39.68, -3, 92.16, 39.68, 1],
			'box_type_3d': 'LiDAR'
		}
	},
	'evaluation': {
		'interval': 2,
		'pipeline': [{
			'type': 'LoadPointsFromFile',
			'coord_type': 'LIDAR',
			'load_dim': 4,
			'use_dim': 4,
			'file_client_args': {
				'backend': 'disk'
			}
		}, {
			'type': 'DefaultFormatBundle3D',
			'class_names': ['Pedestrian', 'Cyclist', 'Car'],
			'with_label': False
		}, {
			'type': 'Collect3D',
			'keys': ['points']
		}]
	},
	'lr': 0.001,
	'optimizer': {
		'type': 'AdamW',
		'lr': 0.001,
		'betas': (0.95, 0.99),
		'weight_decay': 0.01
	},
	'optimizer_config': {
		'grad_clip': {
			'max_norm': 35,
			'norm_type': 2
		}
	},
	'lr_config': {
		'policy': 'cyclic',
		'target_ratio': (10, 0.0001),
		'cyclic_times': 1,
		'step_ratio_up': 0.4
	},
	'momentum_config': {
		'policy': 'cyclic',
		'target_ratio': (0.8947368421052632, 1),
		'cyclic_times': 1,
		'step_ratio_up': 0.4
	},
	'runner': {
		'type': 'EpochBasedRunner',
		'max_epochs': 20
	},
	'checkpoint_config': {
		'interval': 10
	},
	'log_config': {
		'interval': 50,
		'hooks': [{
			'type': 'TextLoggerHook'
		}, {
			'type': 'TensorboardLoggerHook'
		}]
	},
	'dist_params': {
		'backend': 'nccl'
	},
	'log_level': 'INFO',
	'load_from': None,
	'resume_from': None,
	'workflow': [('train', 1)],
	'gpu_ids': range(0, 1)
}